ERROR [org.apache.jsp.tag.web.debug_002dlog_tag] Hola mundo
ERROR [org.apache.jsp.tag.web.debug_002dlog_tag] Hola mundo
ERROR [org.apache.jsp.tag.web.debug_002dlog_tag] Hola mundo
ERROR [org.apache.jsp.tag.web.debug_002dlog_tag] Hola mundo
ERROR [org.apache.catalina.core.ContainerBase.[Tomcat].[localhost].[/acme-jobs].[jsp]] at org.apache.jasper.compiler.DefaultErrorHandler.jspError(DefaultErrorHandler.java:42): /META-INF/views/framework/page.jsp (line: [57], column: [2]) /META-INF/views/framework/../master/menu.jsp (line: [82], column: [51]) equal symbol expected
ERROR [org.apache.catalina.core.ContainerBase.[Tomcat].[localhost].[/acme-jobs].[dispatcherServlet]] at org.apache.jasper.compiler.DefaultErrorHandler.jspError(DefaultErrorHandler.java:42): /META-INF/views/framework/page.jsp (line: [57], column: [2]) /META-INF/views/framework/../master/menu.jsp (line: [82], column: [51]) equal symbol expected
ERROR [org.apache.catalina.core.ContainerBase.[Tomcat].[localhost].[/acme-jobs].[jsp]] at java.net.URLClassLoader.findClass(Unknown Source): org.apache.jsp.META_002dINF.views.framework.page_jsp
ERROR [org.apache.catalina.core.ContainerBase.[Tomcat].[localhost].[/acme-jobs].[dispatcherServlet]] at java.net.URLClassLoader.findClass(Unknown Source): org.apache.jsp.META_002dINF.views.framework.page_jsp
ERROR [org.apache.catalina.core.ContainerBase.[Tomcat].[localhost]] at org.springframework.web.servlet.FrameworkServlet.processRequest(FrameworkServlet.java:1013): Request processing failed; nested exception is org.apache.tiles.request.render.CannotRenderException: ServletException including path '/META-INF/views/framework/page.jsp'.
at org.apache.tiles.impl.BasicTilesContainer.render(BasicTilesContainer.java:399): ServletException including path '/META-INF/views/framework/page.jsp'.
at org.apache.tiles.request.servlet.ServletUtil.wrapServletException(ServletUtil.java:61): ServletException including path '/META-INF/views/framework/page.jsp'.
at java.net.URLClassLoader.findClass(Unknown Source): org.apache.jsp.META_002dINF.views.framework.page_jsp
ERROR [org.apache.jsp.tag.web.debug_002dlog_tag] Hola mundo
ERROR [org.apache.jsp.tag.web.debug_002dlog_tag] Hola mundo
ERROR [org.apache.jsp.tag.web.debug_002dlog_tag] Hola mundo
ERROR [org.apache.jsp.tag.web.debug_002dlog_tag] Hola mundo
ERROR [org.apache.jsp.tag.web.debug_002dlog_tag] Hola mundo
ERROR [org.apache.jsp.tag.web.debug_002dlog_tag] Hola mundo
ERROR [org.apache.jsp.tag.web.debug_002dlog_tag] Hola mundo
ERROR [org.apache.jsp.tag.web.debug_002dlog_tag] Hola mundo
ERROR [org.apache.jsp.tag.web.debug_002dlog_tag] Hola mundo
ERROR [org.apache.jsp.tag.web.debug_002dlog_tag] Hola mundo
ERROR [org.apache.jsp.tag.web.debug_002dlog_tag] Hola mundo
ERROR [org.apache.jsp.tag.web.debug_002dlog_tag] Hola mundo
ERROR [org.apache.jsp.tag.web.debug_002dlog_tag] Hola mundo
ERROR [org.apache.jsp.tag.web.debug_002dlog_tag] Hola mundo
ERROR [org.apache.jsp.tag.web.debug_002dlog_tag] Hola mundo
ERROR [org.apache.jsp.tag.web.debug_002dlog_tag] Hola mundo
ERROR [org.apache.jsp.tag.web.debug_002dlog_tag] Hola mundo
ERROR [org.apache.jsp.tag.web.debug_002dlog_tag] Hola mundo
ERROR [org.apache.jsp.tag.web.debug_002dlog_tag] Hola mundo
ERROR [org.apache.jsp.tag.web.debug_002dlog_tag] Hola mundo
ERROR [org.apache.jsp.tag.web.debug_002dlog_tag] Hola mundo
ERROR [org.apache.jsp.tag.web.debug_002dlog_tag] Hola mundo
ERROR [org.apache.jsp.tag.web.debug_002dlog_tag] Hola mundo
ERROR [org.apache.jsp.tag.web.debug_002dlog_tag] Hola mundo
ERROR [org.apache.jsp.tag.web.debug_002dlog_tag] Hola mundo
ERROR [org.apache.jsp.tag.web.debug_002dlog_tag] Hola mundo
ERROR [org.apache.jsp.tag.web.debug_002dlog_tag] Hola mundo
ERROR [org.apache.jsp.tag.web.debug_002dlog_tag] Hola mundo
ERROR [org.apache.jsp.tag.web.debug_002dlog_tag] Hola mundo
ERROR [org.apache.jsp.tag.web.debug_002dlog_tag] Hola mundo
ERROR [org.apache.jsp.tag.web.debug_002dlog_tag] Hola mundo
ERROR [org.apache.jsp.tag.web.debug_002dlog_tag] Hola mundo
ERROR [org.apache.jsp.tag.web.debug_002dlog_tag] Hola mundo
ERROR [org.apache.jsp.tag.web.debug_002dlog_tag] Hola mundo
ERROR [org.apache.jsp.tag.web.debug_002dlog_tag] Hola mundo
ERROR [org.apache.jsp.tag.web.debug_002dlog_tag] Hola mundo
ERROR [org.apache.jsp.tag.web.debug_002dlog_tag] Hola mundo
ERROR [org.apache.jsp.tag.web.debug_002dlog_tag] Hola mundo
ERROR [org.apache.jsp.tag.web.debug_002dlog_tag] Hola mundo
ERROR [org.apache.jsp.tag.web.debug_002dlog_tag] Hola mundo
ERROR [org.apache.jsp.tag.web.debug_002dlog_tag] Hola mundo
ERROR [org.apache.jsp.META_002dINF.views.framework.panic_jsp] HTTP GET /acme-jobs/META-INF/views/framework/page.jsp HTTP/1.1
ERROR [org.apache.jsp.META_002dINF.views.framework.panic_jsp] Status: 500
ERROR [org.apache.jsp.META_002dINF.views.framework.panic_jsp] Exception: acme.framework.helpers.Assert.state(Assert.java:40): Acceso no autorizado
ERROR [org.apache.jsp.tag.web.debug_002dlog_tag] Hola mundo
ERROR [org.apache.jsp.tag.web.debug_002dlog_tag] Hola mundo
ERROR [org.apache.jsp.tag.web.debug_002dlog_tag] Hola mundo
ERROR [org.apache.jsp.tag.web.debug_002dlog_tag] Hola mundo
ERROR [org.apache.jsp.tag.web.debug_002dlog_tag] Hola mundo
ERROR [org.apache.jsp.tag.web.debug_002dlog_tag] Hola mundo
ERROR [org.apache.jsp.tag.web.debug_002dlog_tag] Hola mundo
ERROR [org.apache.jsp.tag.web.debug_002dlog_tag] Hola mundo
ERROR [org.apache.jsp.tag.web.debug_002dlog_tag] Hola mundo
ERROR [org.apache.jsp.tag.web.debug_002dlog_tag] Hola mundo
ERROR [org.apache.jsp.tag.web.debug_002dlog_tag] Hola mundo
ERROR [org.apache.jsp.tag.web.debug_002dlog_tag] Hola mundo
ERROR [org.apache.jsp.tag.web.debug_002dlog_tag] Hola mundo
ERROR [org.apache.jsp.tag.web.debug_002dlog_tag] Hola mundo

ERROR [org.apache.jsp.tag.web.debug_002dlog_tag] Hola mundo
ERROR [org.apache.jsp.tag.web.debug_002dlog_tag] Hola mundo
ERROR [org.apache.jsp.tag.web.debug_002dlog_tag] Hola mundo
ERROR [org.apache.jsp.tag.web.debug_002dlog_tag] Hola mundo
ERROR [org.apache.catalina.core.ContainerBase.[Tomcat].[localhost].[/acme-jobs].[jsp]] at org.apache.jasper.compiler.DefaultErrorHandler.jspError(DefaultErrorHandler.java:42): /META-INF/views/framework/page.jsp (line: [57], column: [2]) /META-INF/views/framework/../master/menu.jsp (line: [82], column: [51]) equal symbol expected
ERROR [org.apache.catalina.core.ContainerBase.[Tomcat].[localhost].[/acme-jobs].[dispatcherServlet]] at org.apache.jasper.compiler.DefaultErrorHandler.jspError(DefaultErrorHandler.java:42): /META-INF/views/framework/page.jsp (line: [57], column: [2]) /META-INF/views/framework/../master/menu.jsp (line: [82], column: [51]) equal symbol expected
ERROR [org.apache.catalina.core.ContainerBase.[Tomcat].[localhost].[/acme-jobs].[jsp]] at java.net.URLClassLoader.findClass(Unknown Source): org.apache.jsp.META_002dINF.views.framework.page_jsp
ERROR [org.apache.catalina.core.ContainerBase.[Tomcat].[localhost].[/acme-jobs].[dispatcherServlet]] at java.net.URLClassLoader.findClass(Unknown Source): org.apache.jsp.META_002dINF.views.framework.page_jsp
ERROR [org.apache.catalina.core.ContainerBase.[Tomcat].[localhost]] at org.springframework.web.servlet.FrameworkServlet.processRequest(FrameworkServlet.java:1013): Request processing failed; nested exception is org.apache.tiles.request.render.CannotRenderException: ServletException including path '/META-INF/views/framework/page.jsp'.
at org.apache.tiles.impl.BasicTilesContainer.render(BasicTilesContainer.java:399): ServletException including path '/META-INF/views/framework/page.jsp'.
at org.apache.tiles.request.servlet.ServletUtil.wrapServletException(ServletUtil.java:61): ServletException including path '/META-INF/views/framework/page.jsp'.
at java.net.URLClassLoader.findClass(Unknown Source): org.apache.jsp.META_002dINF.views.framework.page_jsp
ERROR [org.apache.jsp.tag.web.debug_002dlog_tag] Hola mundo
ERROR [org.apache.jsp.tag.web.debug_002dlog_tag] Hola mundo
ERROR [org.apache.jsp.tag.web.debug_002dlog_tag] Hola mundo
ERROR [org.apache.jsp.tag.web.debug_002dlog_tag] Hola mundo
ERROR [org.apache.jsp.tag.web.debug_002dlog_tag] Hola mundo
ERROR [org.apache.jsp.tag.web.debug_002dlog_tag] Hola mundo
ERROR [org.apache.jsp.tag.web.debug_002dlog_tag] Hola mundo
ERROR [org.apache.jsp.tag.web.debug_002dlog_tag] Hola mundo
ERROR [org.apache.jsp.tag.web.debug_002dlog_tag] Hola mundo
ERROR [org.apache.jsp.tag.web.debug_002dlog_tag] Hola mundo
ERROR [org.apache.jsp.tag.web.debug_002dlog_tag] Hola mundo
ERROR [org.apache.jsp.tag.web.debug_002dlog_tag] Hola mundo
ERROR [org.apache.jsp.tag.web.debug_002dlog_tag] Hola mundo
ERROR [org.apache.jsp.tag.web.debug_002dlog_tag] Hola mundo
ERROR [org.apache.jsp.tag.web.debug_002dlog_tag] Hola mundo
ERROR [org.apache.jsp.tag.web.debug_002dlog_tag] Hola mundo
ERROR [org.apache.jsp.tag.web.debug_002dlog_tag] Hola mundo
ERROR [org.apache.jsp.tag.web.debug_002dlog_tag] Hola mundo
ERROR [org.apache.jsp.tag.web.debug_002dlog_tag] Hola mundo
ERROR [org.apache.jsp.tag.web.debug_002dlog_tag] Hola mundo
ERROR [org.apache.jsp.tag.web.debug_002dlog_tag] Hola mundo
ERROR [org.apache.jsp.tag.web.debug_002dlog_tag] Hola mundo
ERROR [org.apache.jsp.tag.web.debug_002dlog_tag] Hola mundo
ERROR [org.apache.jsp.tag.web.debug_002dlog_tag] Hola mundo


WARN [org.springframework.boot.web.servlet.context.AnnotationConfigServletWebServerApplicationContext] Exception encountered during context initialization - cancelling refresh attempt: org.springframework.beans.factory.BeanCreationException: Error creating bean with name 'entityManagerFactory' defined in class path resource [org/springframework/boot/autoconfigure/orm/jpa/HibernateJpaConfiguration.class]: Invocation of init method failed; nested exception is javax.persistence.PersistenceException: [PersistenceUnit: default] Unable to build Hibernate SessionFactory; nested exception is org.hibernate.tool.schema.spi.SchemaManagementException: Schema-validation: missing table [application]
ERROR [org.springframework.boot.SpringApplication] at org.springframework.beans.factory.support.AbstractAutowireCapableBeanFactory.initializeBean(AbstractAutowireCapableBeanFactory.java:1778): Error creating bean with name 'entityManagerFactory' defined in class path resource [org/springframework/boot/autoconfigure/orm/jpa/HibernateJpaConfiguration.class]: Invocation of init method failed; nested exception is javax.persistence.PersistenceException: [PersistenceUnit: default] Unable to build Hibernate SessionFactory; nested exception is org.hibernate.tool.schema.spi.SchemaManagementException: Schema-validation: missing table [application]
at org.springframework.orm.jpa.AbstractEntityManagerFactoryBean.buildNativeEntityManagerFactory(AbstractEntityManagerFactoryBean.java:402): [PersistenceUnit: default] Unable to build Hibernate SessionFactory; nested exception is org.hibernate.tool.schema.spi.SchemaManagementException: Schema-validation: missing table [application]
at org.hibernate.tool.schema.internal.AbstractSchemaValidator.validateTable(AbstractSchemaValidator.java:121): Schema-validation: missing table [application]
ERROR [org.apache.jsp.META_002dINF.views.framework.panic_jsp] HTTP GET /acme-jobs/META-INF/views/framework/page.jsp HTTP/1.1
ERROR [org.apache.jsp.META_002dINF.views.framework.panic_jsp] Status: 500
ERROR [org.apache.jsp.META_002dINF.views.framework.panic_jsp] Exception: acme.framework.helpers.Assert.state(Assert.java:40): Acceso no autorizado
ERROR [org.apache.jsp.META_002dINF.views.framework.panic_jsp] HTTP GET /acme-jobs/META-INF/views/framework/page.jsp HTTP/1.1
ERROR [org.apache.jsp.META_002dINF.views.framework.panic_jsp] Status: 500
ERROR [org.apache.jsp.META_002dINF.views.framework.panic_jsp] Exception: acme.framework.helpers.Assert.state(Assert.java:40): Acceso no autorizado
ERROR [org.apache.jsp.META_002dINF.views.framework.panic_jsp] HTTP GET /acme-jobs/META-INF/views/framework/page.jsp HTTP/1.1
ERROR [org.apache.jsp.META_002dINF.views.framework.panic_jsp] Status: 500
ERROR [org.apache.jsp.META_002dINF.views.framework.panic_jsp] Exception: acme.framework.helpers.Assert.state(Assert.java:40): Acceso no autorizado
ERROR [org.apache.jsp.META_002dINF.views.framework.panic_jsp] HTTP GET /acme-jobs/META-INF/views/framework/page.jsp HTTP/1.1
ERROR [org.apache.jsp.META_002dINF.views.framework.panic_jsp] Status: 500
ERROR [org.apache.jsp.META_002dINF.views.framework.panic_jsp] Exception: acme.framework.helpers.Assert.state(Assert.java:40): Acceso no autorizado
